[2026-01-29T20:27:18.886775] [INFO] [t=0.0] Starting adaptive simulation for 3600 seconds
[2026-01-29T20:27:20.464259] [ERROR] [t=0.0] Simulation error: 'AlgorithmConfig' object has no attribute 'extension_time'
[2026-01-30T00:26:55.290892] [INFO] [t=0.0] Starting adaptive simulation for 3600 seconds
[2026-01-30T00:27:31.956499] [INFO] [t=300.0] Progress: 8.3% complete
[2026-01-30T00:27:35.671292] [EMERGENCY] [t=313.6] Preemption for emergency_1
[2026-01-30T00:27:36.303836] [EMERGENCY] [t=338.7] Preemption for emergency_1
[2026-01-30T00:32:51.078365] [INFO] [t=0.0] Starting adaptive simulation for 3600 seconds
[2026-01-30T00:33:09.742829] [INFO] [t=300.0] Progress: 8.3% complete
[2026-01-30T00:33:10.517461] [EMERGENCY] [t=313.5] Preemption for emergency_1
[2026-01-30T00:34:21.705537] [INFO] [t=600.0] Progress: 16.7% complete
[2026-01-30T00:34:26.841938] [EMERGENCY] [t=615.1] Preemption for emergency_2
[2026-01-30T00:34:34.917268] [EMERGENCY] [t=640.2] Preemption for emergency_2
[2026-01-30T00:38:59.302620] [INFO] [t=0.0] Starting adaptive simulation for 3600 seconds
[2026-01-30T00:39:24.249907] [INFO] [t=300.0] Progress: 8.3% complete
[2026-01-30T00:39:27.560024] [EMERGENCY] [t=314.2] Preemption for emergency_1
[2026-01-30T00:39:28.619670] [EMERGENCY] [t=339.3] Preemption for emergency_1
[2026-01-30T00:44:10.602364] [INFO] [t=0.0] Starting adaptive simulation for 3600 seconds
[2026-01-30T00:45:44.653343] [INFO] [t=300.0] Progress: 8.3% complete
[2026-01-30T00:49:11.319717] [INFO] [t=0.0] Starting adaptive simulation for 3600 seconds
[2026-01-30T00:49:28.109485] [INFO] [t=300.0] Progress: 8.3% complete
[2026-01-30T00:49:29.472095] [EMERGENCY] [t=313.6] Preemption for emergency_1
[2026-01-30T00:51:45.315768] [INFO] [t=600.0] Progress: 16.7% complete
[2026-01-30T00:52:34.917947] [EMERGENCY] [t=663.0] Preemption for emergency_2
[2026-01-30T00:52:54.830175] [EMERGENCY] [t=688.1] Preemption for emergency_2
[2026-01-30T00:52:57.753576] [EMERGENCY] [t=713.2] Preemption for emergency_2
[2026-01-30T00:54:08.876836] [INFO] [t=900.0] Progress: 25.0% complete
[2026-01-30T00:54:55.890393] [INFO] [t=0.0] Starting fixed simulation for 3600 seconds
[2026-01-30T00:54:59.664486] [INFO] [t=300.0] Progress: 8.3% complete
[2026-01-30T00:55:03.411178] [INFO] [t=600.0] Progress: 16.7% complete
[2026-01-30T00:55:07.226769] [INFO] [t=900.0] Progress: 25.0% complete
[2026-01-30T00:55:10.985221] [INFO] [t=1200.0] Progress: 33.3% complete
[2026-01-30T00:55:14.752363] [INFO] [t=1500.0] Progress: 41.7% complete
[2026-01-30T00:55:18.292449] [INFO] [t=1800.0] Progress: 50.0% complete
[2026-01-30T00:55:21.761239] [INFO] [t=2100.0] Progress: 58.3% complete
[2026-01-30T00:55:25.514017] [INFO] [t=2400.0] Progress: 66.7% complete
[2026-01-30T00:55:29.194346] [INFO] [t=2700.0] Progress: 75.0% complete
[2026-01-30T01:01:27.216164] [INFO] [t=0.0] Starting adaptive simulation for 3600 seconds
[2026-01-30T01:03:03.692643] [INFO] [t=300.0] Progress: 8.3% complete
[2026-01-30T01:03:26.453422] [INFO] [t=0.0] Starting fixed simulation for 3600 seconds
[2026-01-30T01:05:02.574160] [INFO] [t=300.0] Progress: 8.3% complete
[2026-01-30T01:05:48.623343] [INFO] [t=0.0] Starting fixed simulation for 3600 seconds
[2026-01-30T01:05:52.414744] [INFO] [t=300.0] Progress: 8.3% complete
[2026-01-30T01:05:56.014246] [INFO] [t=600.0] Progress: 16.7% complete
[2026-01-30T01:05:59.645575] [INFO] [t=900.0] Progress: 25.0% complete
[2026-01-30T01:06:03.276879] [INFO] [t=1200.0] Progress: 33.3% complete
[2026-01-30T01:10:47.186100] [INFO] [t=0.0] Starting fixed simulation for 300 seconds
[2026-01-30T01:10:51.280859] [INFO] [t=0.0] Simulation completed at t=300.0s
[2026-01-30T01:11:42.829049] [INFO] [t=0.0] Starting fixed simulation for 3600 seconds
[2026-01-30T01:11:46.815716] [INFO] [t=300.0] Progress: 8.3% complete
[2026-01-30T01:11:50.508440] [INFO] [t=600.0] Progress: 16.7% complete
[2026-01-30T01:11:54.290536] [INFO] [t=900.0] Progress: 25.0% complete
[2026-01-30T01:11:58.117434] [INFO] [t=1200.0] Progress: 33.3% complete
[2026-01-30T01:12:01.927299] [INFO] [t=1500.0] Progress: 41.7% complete
[2026-01-30T01:12:05.779588] [INFO] [t=1800.0] Progress: 50.0% complete
[2026-01-30T01:12:09.606194] [INFO] [t=2100.0] Progress: 58.3% complete
[2026-01-30T01:12:13.442480] [INFO] [t=2400.0] Progress: 66.7% complete
[2026-01-30T01:12:17.201146] [INFO] [t=2700.0] Progress: 75.0% complete
[2026-01-30T01:12:20.927533] [INFO] [t=3000.0] Progress: 83.3% complete
[2026-01-30T01:12:24.898598] [INFO] [t=3300.0] Progress: 91.7% complete
[2026-01-30T01:12:28.702054] [INFO] [t=0.0] Simulation completed at t=3600.0s
[2026-01-30T01:16:08.758600] [INFO] [t=0.0] Starting fixed simulation for 3600 seconds
[2026-01-30T01:16:11.135106] [INFO] [t=300.0] Progress: 8.3% complete
[2026-01-30T01:16:13.947358] [INFO] [t=600.0] Progress: 16.7% complete
[2026-01-30T01:16:16.386291] [INFO] [t=900.0] Progress: 25.0% complete
[2026-01-30T01:16:18.768312] [INFO] [t=1200.0] Progress: 33.3% complete
[2026-01-30T01:16:21.154316] [INFO] [t=1500.0] Progress: 41.7% complete
[2026-01-30T01:16:23.563217] [INFO] [t=1800.0] Progress: 50.0% complete
[2026-01-30T01:16:25.877453] [INFO] [t=2100.0] Progress: 58.3% complete
[2026-01-30T01:16:28.229687] [INFO] [t=2400.0] Progress: 66.7% complete
[2026-01-30T01:16:30.649759] [INFO] [t=2700.0] Progress: 75.0% complete
[2026-01-30T01:16:33.045696] [INFO] [t=3000.0] Progress: 83.3% complete
[2026-01-30T01:16:35.414157] [INFO] [t=3300.0] Progress: 91.7% complete
[2026-01-30T01:16:37.789807] [INFO] [t=0.0] Simulation completed at t=3600.0s
[2026-01-30T01:16:44.582919] [INFO] [t=0.0] Starting adaptive simulation for 3600 seconds
[2026-01-30T01:16:57.176598] [INFO] [t=300.0] Progress: 8.3% complete
[2026-01-30T01:16:57.721870] [EMERGENCY] [t=313.5] Preemption for emergency_1
[2026-01-30T01:17:08.026690] [INFO] [t=600.0] Progress: 16.7% complete
[2026-01-30T01:17:08.585380] [EMERGENCY] [t=613.6] Preemption for emergency_2
[2026-01-30T01:17:19.811219] [INFO] [t=900.0] Progress: 25.0% complete
[2026-01-30T01:17:20.404303] [EMERGENCY] [t=913.5] Preemption for emergency_3
[2026-01-30T01:17:31.353105] [INFO] [t=1200.0] Progress: 33.3% complete
[2026-01-30T01:17:31.901321] [EMERGENCY] [t=1213.5] Preemption for emergency_4
[2026-01-30T01:17:42.521395] [INFO] [t=1500.0] Progress: 41.7% complete
[2026-01-30T01:17:43.089096] [EMERGENCY] [t=1513.6] Preemption for emergency_5
[2026-01-30T01:17:54.263908] [INFO] [t=1800.0] Progress: 50.0% complete
[2026-01-30T01:17:54.876557] [EMERGENCY] [t=1813.6] Preemption for emergency_6
[2026-01-30T01:18:06.435909] [INFO] [t=2100.0] Progress: 58.3% complete
[2026-01-30T01:18:07.070641] [EMERGENCY] [t=2113.6] Preemption for emergency_7
[2026-01-30T01:18:21.337429] [INFO] [t=2400.0] Progress: 66.7% complete
[2026-01-30T01:18:22.363965] [EMERGENCY] [t=2413.6] Preemption for emergency_8
[2026-01-30T01:18:42.378676] [INFO] [t=2700.0] Progress: 75.0% complete
[2026-01-30T01:18:43.502661] [EMERGENCY] [t=2713.6] Preemption for emergency_9
[2026-01-30T01:19:03.652257] [INFO] [t=3000.0] Progress: 83.3% complete
[2026-01-30T01:19:04.591716] [EMERGENCY] [t=3013.6] Preemption for emergency_10
[2026-01-30T01:19:23.626712] [INFO] [t=3300.0] Progress: 91.7% complete
[2026-01-30T01:19:24.213612] [EMERGENCY] [t=3313.5] Preemption for emergency_11
[2026-01-30T01:19:35.935415] [INFO] [t=0.0] Simulation completed at t=3600.0s
[2026-01-30T01:28:10.965585] [INFO] [t=0.0] Starting fixed simulation for 3600 seconds
[2026-01-30T01:28:14.767836] [INFO] [t=300.0] Progress: 8.3% complete
[2026-01-30T01:28:18.896355] [INFO] [t=600.0] Progress: 16.7% complete
[2026-01-30T01:28:22.876690] [INFO] [t=900.0] Progress: 25.0% complete
[2026-01-30T01:28:26.958924] [INFO] [t=1200.0] Progress: 33.3% complete
[2026-01-30T01:28:31.040044] [INFO] [t=1500.0] Progress: 41.7% complete
[2026-01-30T01:28:34.937904] [INFO] [t=1800.0] Progress: 50.0% complete
[2026-01-30T01:28:39.011888] [INFO] [t=2100.0] Progress: 58.3% complete
[2026-01-30T01:28:43.077106] [INFO] [t=2400.0] Progress: 66.7% complete
[2026-01-30T01:28:47.197913] [INFO] [t=2700.0] Progress: 75.0% complete
[2026-01-30T01:28:51.487318] [INFO] [t=3000.0] Progress: 83.3% complete
[2026-01-30T01:28:55.750971] [INFO] [t=3300.0] Progress: 91.7% complete
[2026-01-30T01:28:59.899064] [INFO] [t=0.0] Simulation completed at t=3600.0s
[2026-01-30T01:30:23.820875] [INFO] [t=0.0] Starting adaptive simulation for 3600 seconds
[2026-01-30T01:29:20.786040] [INFO] [t=0.0] Starting adaptive simulation for 3600 seconds
[2026-01-30T01:29:42.050085] [INFO] [t=300.0] Progress: 8.3% complete
[2026-01-30T01:29:42.951222] [EMERGENCY] [t=313.5] Preemption for emergency_1
[2026-01-30T01:30:01.061827] [INFO] [t=600.0] Progress: 16.7% complete
[2026-01-30T01:30:02.025265] [EMERGENCY] [t=613.6] Preemption for emergency_2
[2026-01-30T01:30:20.626845] [INFO] [t=900.0] Progress: 25.0% complete
[2026-01-30T01:30:21.764680] [EMERGENCY] [t=913.5] Preemption for emergency_3
[2026-01-30T01:30:41.757102] [INFO] [t=1200.0] Progress: 33.3% complete
[2026-01-30T01:30:42.681458] [EMERGENCY] [t=1213.5] Preemption for emergency_4
[2026-01-30T01:31:01.307941] [INFO] [t=1500.0] Progress: 41.7% complete
[2026-01-30T01:31:02.256295] [EMERGENCY] [t=1513.6] Preemption for emergency_5
[2026-01-30T01:31:21.162459] [INFO] [t=1800.0] Progress: 50.0% complete
[2026-01-30T01:31:22.137287] [EMERGENCY] [t=1813.6] Preemption for emergency_6
[2026-01-30T01:31:42.146589] [INFO] [t=2100.0] Progress: 58.3% complete
[2026-01-30T01:31:43.255996] [EMERGENCY] [t=2113.6] Preemption for emergency_7
[2026-01-30T01:32:02.731341] [INFO] [t=2400.0] Progress: 66.7% complete
[2026-01-30T01:32:03.837183] [EMERGENCY] [t=2413.6] Preemption for emergency_8
[2026-01-30T01:32:21.174066] [INFO] [t=2700.0] Progress: 75.0% complete
[2026-01-30T01:32:22.076719] [EMERGENCY] [t=2713.6] Preemption for emergency_9
[2026-01-30T01:32:40.601803] [INFO] [t=3000.0] Progress: 83.3% complete
[2026-01-30T01:32:41.591770] [EMERGENCY] [t=3013.6] Preemption for emergency_10
[2026-01-30T01:33:00.526834] [INFO] [t=3300.0] Progress: 91.7% complete
[2026-01-30T01:33:01.542298] [EMERGENCY] [t=3313.5] Preemption for emergency_11
[2026-01-30T01:33:20.762973] [INFO] [t=0.0] Simulation completed at t=3600.0s
[2026-01-30T13:07:31.665397] [INFO] [t=0.0] Starting adaptive simulation for 3600 seconds
[2026-01-30T13:07:57.705394] [INFO] [t=300.0] Progress: 8.3% complete
[2026-01-30T13:07:58.569286] [EMERGENCY] [t=313.5] Preemption for emergency_1
[2026-01-30T13:09:23.550096] [INFO] [t=0.0] Starting adaptive simulation for 3600 seconds
[2026-01-30T13:10:58.769869] [INFO] [t=0.0] Starting fixed simulation for 3600 seconds
[2026-01-30T13:12:35.920892] [INFO] [t=300.0] Progress: 8.3% complete
[2026-01-30T13:18:05.959196] [INFO] [t=0.0] Starting adaptive simulation for 2100 seconds
[2026-01-30T13:18:35.274459] [INFO] [t=300.0] Progress: 14.3% complete
[2026-01-30T13:18:36.207619] [EMERGENCY] [t=313.5] Preemption for emergency_1
[2026-01-30T13:19:01.840888] [INFO] [t=600.0] Progress: 28.6% complete
[2026-01-30T13:19:04.705190] [EMERGENCY] [t=613.6] Preemption for emergency_2
[2026-01-30T13:19:30.405917] [INFO] [t=900.0] Progress: 42.9% complete
[2026-01-30T13:19:31.422693] [EMERGENCY] [t=913.5] Preemption for emergency_3
[2026-01-30T13:19:46.417025] [INFO] [t=1200.0] Progress: 57.1% complete
[2026-01-30T13:19:47.067176] [EMERGENCY] [t=1213.5] Preemption for emergency_4
[2026-01-30T13:20:00.125276] [INFO] [t=1500.0] Progress: 71.4% complete
[2026-01-30T13:20:00.805776] [EMERGENCY] [t=1513.6] Preemption for emergency_5
[2026-01-30T13:20:35.014003] [INFO] [t=1800.0] Progress: 85.7% complete
[2026-01-30T13:20:51.130281] [EMERGENCY] [t=1850.1] Preemption for emergency_6
[2026-01-30T13:20:53.484840] [EMERGENCY] [t=1875.2] Preemption for emergency_6
[2026-01-30T13:20:56.202529] [EMERGENCY] [t=1900.3] Preemption for emergency_6
[2026-01-30T13:22:15.542533] [INFO] [t=0.0] Simulation completed at t=2100.0s
[2026-02-02T15:54:35.435293] [INFO] [t=0.0] Starting adaptive simulation for 3600 seconds
[2026-02-02T15:57:34.618646] [INFO] [t=0.0] Starting fixed simulation for 3600 seconds
[2026-02-02T15:57:38.677684] [INFO] [t=300.0] Progress: 8.3% complete
[2026-02-02T15:57:42.412299] [INFO] [t=600.0] Progress: 16.7% complete
[2026-02-02T15:57:45.808320] [INFO] [t=900.0] Progress: 25.0% complete
[2026-02-02T15:57:49.172106] [INFO] [t=1200.0] Progress: 33.3% complete
[2026-02-02T15:57:53.342815] [INFO] [t=1500.0] Progress: 41.7% complete
[2026-02-02T15:59:28.621594] [INFO] [t=0.0] Starting adaptive simulation for 3600 seconds
[2026-02-10T08:50:55.024779] [INFO] [t=0.0] Starting adaptive simulation for 100 seconds
[2026-02-10T08:51:01.475241] [INFO] [t=0.0] Simulation completed at t=100.0s
[2026-02-10T08:56:13.143655] [INFO] [t=0.0] Starting fixed simulation for 900 seconds
[2026-02-10T08:56:19.653100] [INFO] [t=300.0] Progress: 33.3% complete
[2026-02-10T08:56:25.275946] [INFO] [t=600.0] Progress: 66.7% complete
[2026-02-10T08:56:30.989634] [INFO] [t=0.0] Simulation completed at t=900.0s
[2026-02-10T09:01:07.934409] [INFO] [t=0.0] Starting adaptive simulation for 1197 seconds
[2026-02-10T09:01:35.581488] [INFO] [t=300.0] Progress: 25.1% complete
[2026-02-10T09:01:36.691004] [EMERGENCY] [t=313.5] Preemption for emergency_1
[2026-02-10T09:01:59.897901] [INFO] [t=600.0] Progress: 50.1% complete
[2026-02-10T09:02:01.103171] [EMERGENCY] [t=613.6] Preemption for emergency_2
[2026-02-10T09:02:25.269529] [INFO] [t=900.0] Progress: 75.2% complete
[2026-02-10T09:02:26.490776] [EMERGENCY] [t=913.5] Preemption for emergency_3
[2026-02-10T09:02:48.544392] [INFO] [t=0.0] Simulation completed at t=1197.0s
[2026-02-10T09:02:55.058627] [INFO] [t=0.0] Starting adaptive simulation for 922 seconds
[2026-02-10T09:03:25.239772] [INFO] [t=300.0] Progress: 32.5% complete
[2026-02-10T09:03:27.029028] [EMERGENCY] [t=313.5] Preemption for emergency_1
[2026-02-10T09:03:58.370965] [INFO] [t=600.0] Progress: 65.1% complete
[2026-02-10T09:04:00.128104] [EMERGENCY] [t=613.6] Preemption for emergency_2
[2026-02-10T09:04:31.819313] [INFO] [t=900.0] Progress: 97.6% complete
[2026-02-10T09:04:33.039104] [EMERGENCY] [t=913.5] Preemption for emergency_3
[2026-02-10T09:04:33.184359] [INFO] [t=0.0] Simulation completed at t=922.0s
[2026-02-10T09:04:39.677141] [INFO] [t=0.0] Starting fixed simulation for 422 seconds
[2026-02-10T09:04:47.217988] [INFO] [t=300.0] Progress: 71.1% complete
[2026-02-10T09:04:49.135440] [INFO] [t=0.0] Simulation completed at t=422.0s
[2026-02-10T09:04:55.250605] [INFO] [t=0.0] Starting adaptive simulation for 483 seconds
[2026-02-10T09:05:18.581368] [INFO] [t=300.0] Progress: 62.1% complete
[2026-02-10T09:05:19.513635] [EMERGENCY] [t=313.5] Preemption for emergency_1
[2026-02-10T09:05:30.594638] [INFO] [t=0.0] Simulation completed at t=483.0s
[2026-02-10T09:05:36.703584] [INFO] [t=0.0] Starting fixed simulation for 699 seconds
[2026-02-10T09:05:41.330666] [INFO] [t=300.0] Progress: 42.9% complete
[2026-02-10T09:05:45.924788] [INFO] [t=600.0] Progress: 85.8% complete
[2026-02-10T09:05:47.409185] [INFO] [t=0.0] Simulation completed at t=699.0s
[2026-02-10T09:05:53.564572] [INFO] [t=0.0] Starting adaptive simulation for 393 seconds
[2026-02-10T09:06:17.919142] [INFO] [t=300.0] Progress: 76.3% complete
[2026-02-10T09:06:18.535608] [EMERGENCY] [t=313.5] Preemption for emergency_1
[2026-02-10T09:06:21.391025] [INFO] [t=0.0] Simulation completed at t=393.0s
[2026-02-10T09:06:27.475079] [INFO] [t=0.0] Starting fixed simulation for 1063 seconds
[2026-02-10T09:06:31.353502] [INFO] [t=300.0] Progress: 28.2% complete
[2026-02-10T09:06:35.848840] [INFO] [t=600.0] Progress: 56.4% complete
[2026-02-10T09:06:40.676352] [INFO] [t=900.0] Progress: 84.7% complete
[2026-02-10T09:06:42.819443] [INFO] [t=0.0] Simulation completed at t=1063.0s
[2026-02-10T09:06:48.919497] [INFO] [t=0.0] Starting adaptive simulation for 1004 seconds
[2026-02-10T09:07:04.007791] [INFO] [t=300.0] Progress: 29.9% complete
[2026-02-10T09:07:04.603499] [EMERGENCY] [t=313.5] Preemption for emergency_1
[2026-02-10T09:07:16.825543] [INFO] [t=600.0] Progress: 59.8% complete
[2026-02-10T09:07:18.228483] [EMERGENCY] [t=613.6] Preemption for emergency_2
[2026-02-10T09:07:39.377070] [INFO] [t=900.0] Progress: 89.6% complete
[2026-02-10T09:07:40.615185] [EMERGENCY] [t=913.5] Preemption for emergency_3
[2026-02-10T09:07:45.974667] [INFO] [t=0.0] Simulation completed at t=1004.0s
[2026-02-10T09:07:52.098850] [INFO] [t=0.0] Starting adaptive simulation for 625 seconds
[2026-02-10T09:08:14.430801] [INFO] [t=300.0] Progress: 48.0% complete
[2026-02-10T09:08:15.372180] [EMERGENCY] [t=313.5] Preemption for emergency_1
[2026-02-10T09:08:33.149532] [INFO] [t=600.0] Progress: 96.0% complete
[2026-02-10T09:08:34.148385] [EMERGENCY] [t=613.6] Preemption for emergency_2
[2026-02-10T09:08:34.305579] [INFO] [t=0.0] Simulation completed at t=625.0s
[2026-02-10T09:08:40.656943] [INFO] [t=0.0] Starting adaptive simulation for 782 seconds
[2026-02-10T09:09:10.007918] [INFO] [t=300.0] Progress: 38.4% complete
[2026-02-10T09:09:11.418418] [EMERGENCY] [t=313.5] Preemption for emergency_1
[2026-02-10T09:09:38.143084] [INFO] [t=600.0] Progress: 76.7% complete
[2026-02-10T09:09:39.631662] [EMERGENCY] [t=613.6] Preemption for emergency_2
[2026-02-10T09:09:55.899325] [INFO] [t=0.0] Simulation completed at t=782.0s
[2026-02-10T09:10:02.049939] [INFO] [t=0.0] Starting fixed simulation for 449 seconds
[2026-02-10T09:10:07.980428] [INFO] [t=300.0] Progress: 66.8% complete
[2026-02-10T09:10:11.369940] [INFO] [t=0.0] Simulation completed at t=449.0s
[2026-02-10T09:10:17.530654] [INFO] [t=0.0] Starting adaptive simulation for 488 seconds
[2026-02-10T09:10:49.847564] [INFO] [t=300.0] Progress: 61.5% complete
[2026-02-10T09:10:51.272261] [EMERGENCY] [t=313.5] Preemption for emergency_1
[2026-02-10T09:11:06.904369] [INFO] [t=0.0] Simulation completed at t=488.0s
[2026-02-10T09:11:13.026176] [INFO] [t=0.0] Starting adaptive simulation for 372 seconds
[2026-02-10T09:11:40.581299] [INFO] [t=300.0] Progress: 80.6% complete
[2026-02-10T09:11:41.889851] [EMERGENCY] [t=313.5] Preemption for emergency_1
[2026-02-10T09:11:46.194560] [INFO] [t=0.0] Simulation completed at t=372.0s
[2026-02-10T09:11:52.294513] [INFO] [t=0.0] Starting fixed simulation for 559 seconds
[2026-02-10T09:11:55.916447] [INFO] [t=300.0] Progress: 53.7% complete
[2026-02-10T09:12:01.044767] [INFO] [t=0.0] Simulation completed at t=559.0s
[2026-02-10T09:12:07.184658] [INFO] [t=0.0] Starting adaptive simulation for 301 seconds
[2026-02-10T09:12:36.769116] [INFO] [t=300.0] Progress: 99.7% complete
[2026-02-10T09:12:36.853687] [INFO] [t=0.0] Simulation completed at t=301.0s
[2026-02-10T09:12:42.939190] [INFO] [t=0.0] Starting adaptive simulation for 796 seconds
[2026-02-10T09:13:12.410445] [INFO] [t=300.0] Progress: 37.7% complete
[2026-02-10T09:13:13.735695] [EMERGENCY] [t=313.5] Preemption for emergency_1
[2026-02-10T09:13:40.271737] [INFO] [t=600.0] Progress: 75.4% complete
[2026-02-10T09:13:41.754756] [EMERGENCY] [t=613.6] Preemption for emergency_2
[2026-02-10T09:13:59.639281] [INFO] [t=0.0] Simulation completed at t=796.0s
[2026-02-10T09:14:05.744475] [INFO] [t=0.0] Starting adaptive simulation for 342 seconds
[2026-02-10T09:14:29.130518] [INFO] [t=300.0] Progress: 87.7% complete
[2026-02-10T09:14:30.427567] [EMERGENCY] [t=313.5] Preemption for emergency_1
[2026-02-10T09:14:31.306032] [INFO] [t=0.0] Simulation completed at t=342.0s
[2026-02-10T09:14:37.404553] [INFO] [t=0.0] Starting adaptive simulation for 882 seconds
[2026-02-10T09:15:06.395637] [INFO] [t=300.0] Progress: 34.0% complete
[2026-02-10T09:15:07.817287] [EMERGENCY] [t=313.5] Preemption for emergency_1
[2026-02-10T09:15:33.769346] [INFO] [t=600.0] Progress: 68.0% complete
[2026-02-10T09:15:35.194952] [EMERGENCY] [t=613.6] Preemption for emergency_2
[2026-02-10T09:16:02.345517] [INFO] [t=0.0] Simulation completed at t=882.0s
[2026-02-10T09:16:08.537777] [INFO] [t=0.0] Starting fixed simulation for 799 seconds
[2026-02-10T09:16:12.242574] [INFO] [t=300.0] Progress: 37.5% complete
[2026-02-10T09:16:17.869527] [INFO] [t=600.0] Progress: 75.1% complete
[2026-02-10T09:16:21.344833] [INFO] [t=0.0] Simulation completed at t=799.0s
[2026-02-10T09:16:27.475012] [INFO] [t=0.0] Starting adaptive simulation for 599 seconds
[2026-02-10T09:16:56.340091] [INFO] [t=300.0] Progress: 50.1% complete
[2026-02-10T09:16:57.706952] [EMERGENCY] [t=313.5] Preemption for emergency_1
[2026-02-10T09:17:24.692726] [INFO] [t=0.0] Simulation completed at t=599.0s
[2026-02-10T10:02:29.514760] [INFO] [t=0.0] Starting adaptive simulation for 1200 seconds
[2026-02-10T10:02:48.674643] [INFO] [t=300.0] Progress: 25.0% complete
[2026-02-10T10:02:49.425262] [EMERGENCY] [t=313.5] Preemption for emergency_1
[2026-02-10T10:03:05.430639] [INFO] [t=600.0] Progress: 50.0% complete
[2026-02-10T10:03:06.208897] [EMERGENCY] [t=613.6] Preemption for emergency_2
[2026-02-10T10:03:23.574967] [INFO] [t=900.0] Progress: 75.0% complete
[2026-02-10T10:03:24.453388] [EMERGENCY] [t=913.5] Preemption for emergency_3
[2026-02-10T10:03:40.703201] [INFO] [t=0.0] Simulation completed at t=1200.0s
[2026-02-10T10:11:29.026067] [INFO] [t=0.0] Starting adaptive simulation for 600 seconds
[2026-02-10T10:11:47.164833] [INFO] [t=300.0] Progress: 50.0% complete
[2026-02-10T10:11:47.908940] [EMERGENCY] [t=313.5] Preemption for emergency_1
[2026-02-10T10:12:02.274701] [INFO] [t=0.0] Simulation completed at t=600.0s
